Arguments: 
  C:\Program Files\nodejs\node.exe C:\Users\75137\AppData\Roaming\npm\node_modules\yarn\bin\yarn.js add pretty-format

PATH: 
  C:\Python310\Scripts\;C:\Python310\;C:\Program Files\Common Files\Oracle\Java\javapath;C:\Program Files (x86)\Common Files\Intel\Shared Libraries\redist\intel64\compiler;C:\WINDOWS\system32;C:\WINDOWS;C:\WINDOWS\System32\Wbem;C:\WINDOWS\System32\WindowsPowerShell\v1.0\;C:\WINDOWS\System32\OpenSSH\;C:\ProgramData\chocolatey\bin;C:\Program Files\Git\cmd;C:\Program Files\nodejs\;C:\Program Files\Amazon\AWSCLIV2\;C:\Users\75137\AppData\Local\Programs\Python\Python37\Scripts\;C:\Users\75137\AppData\Local\Programs\Python\Python37\;C:\Users\75137\AppData\Local\Microsoft\WindowsApps;C:\Program Files\JetBrains\PyCharm Community Edition 2020.1.1\bin;;C:\Program Files\JetBrains\IntelliJ IDEA Community Edition 2021.1.3\bin;;C:\Users\75137\AppData\Local\Programs\Microsoft VS Code\bin;C:\Users\75137\AppData\Local\GitHubDesktop\bin;C:\Users\75137\AppData\Roaming\npm;C:\Program Files (x86)\openssl-0.9.8k_WIN32\bin;C:\Users\75137\AppData\Local\Android\Sdk\platform-tools;C:\Users\75137\AppData\Local\Android\Sdk\emulator;

Yarn version: 
  1.22.19

Node version: 
  18.12.1

Platform: 
  win32 x64

Trace: 
  Error: https://registry.yarnpkg.com/rxjs/-/rxjs-7.8.1.tgz: ESOCKETTIMEDOUT
      at ClientRequest.<anonymous> (C:\Users\75137\AppData\Roaming\npm\node_modules\yarn\lib\cli.js:141517:19)
      at Object.onceWrapper (node:events:627:28)
      at ClientRequest.emit (node:events:513:28)
      at TLSSocket.emitRequestTimeout (node:_http_client:838:9)
      at Object.onceWrapper (node:events:627:28)
      at TLSSocket.emit (node:events:525:35)
      at Socket._onTimeout (node:net:562:8)
      at listOnTimeout (node:internal/timers:564:17)
      at process.processTimers (node:internal/timers:507:7)

npm manifest: 
  {
    "name": "delivery-app",
    "version": "1.0.0",
    "main": "node_modules/expo/AppEntry.js",
    "scripts": {
      "start": "npx expo start",
      "android": "npx expo start --android",
      "ios": "npx expo start --ios",
      "web": "npx expo start --web"
    },
    "dependencies": {
      "@react-navigation/native": "^6.1.7",
      "@react-navigation/native-stack": "^6.9.13",
      "@reduxjs/toolkit": "^1.9.5",
      "@sanity/client": "^6.1.6",
      "@sanity/image-url": "^1.0.2",
      "autoprefixer": "^10.4.14",
      "expo": "~48.0.18",
      "expo-status-bar": "~1.4.4",
      "nativewind": "^2.0.11",
      "postcss": "^8.4.24",
      "react": "18.2.0",
      "react-dom": "^18.2.0",
      "react-native": "0.71.8",
      "react-native-safe-area-context": "4.5.0",
      "react-native-screens": "~3.20.0",
      "react-native-tailwindcss": "^1.1.11",
      "react-native-vector-icons": "^9.2.0",
      "react-native-web": "^0.18.12",
      "react-redux": "^8.1.1"
    },
    "devDependencies": {
      "@babel/core": "^7.20.0",
      "@types/react-native": "^0.72.2",
      "react-native-url-polyfill": "^1.3.0",
      "tailwindcss": "^3.3.2"
    },
    "private": true
  }

yarn manifest: 
  No manifest

Lockfile: 
  No lockfile
